[18:01:22] [ServerMain/INFO]: Environment: Environment[sessionHost=https://sessionserver.mojang.com, servicesHost=https://api.minecraftservices.com, name=PROD]
[18:01:25] [ServerMain/INFO]: Loaded 1290 recipes
[18:01:26] [Server thread/INFO]: Starting minecraft server version 1.21
[18:01:26] [Server thread/INFO]: Loading properties
[18:01:26] [Server thread/INFO]: This server is running CraftBukkit version 4226-Spigot-146439e-2889b3a (MC: 1.21) (Implementing API version 1.21-R0.1-SNAPSHOT)
[18:01:28] [Server thread/INFO]: Debug logging is disabled
[18:01:28] [Server thread/INFO]: Server Ping Player Sample Count: 12
[18:01:28] [Server thread/INFO]: Using 4 threads for Netty based IO
[18:01:28] [Server thread/INFO]: Default game type: SURVIVAL
[18:01:28] [Server thread/INFO]: Generating keypair
[18:01:28] [Server thread/INFO]: Starting Minecraft server on *:25565
[18:01:28] [Server thread/INFO]: Using default channel type
[18:01:28] [Server thread/WARN]: **** SERVER IS RUNNING IN OFFLINE/INSECURE MODE!
[18:01:28] [Server thread/WARN]: The server will make no attempt to authenticate usernames. Beware.
[18:01:28] [Server thread/WARN]: While this makes the game possible to play without internet access, it also opens up the ability for hackers to connect with any username they choose.
[18:01:28] [Server thread/WARN]: To change this, set "online-mode" to "true" in the server.properties file.
[18:01:28] [Server thread/INFO]: Preparing level "world"
[18:01:28] [Server thread/INFO]: -------- World Settings For [world] --------
[18:01:28] [Server thread/INFO]: Item Merge Radius: 2.5
[18:01:28] [Server thread/INFO]: Cactus Growth Modifier: 100%
[18:01:28] [Server thread/INFO]: Cane Growth Modifier: 100%
[18:01:28] [Server thread/INFO]: Melon Growth Modifier: 100%
[18:01:28] [Server thread/INFO]: Mushroom Growth Modifier: 100%
[18:01:28] [Server thread/INFO]: Pumpkin Growth Modifier: 100%
[18:01:28] [Server thread/INFO]: Sapling Growth Modifier: 100%
[18:01:28] [Server thread/INFO]: Beetroot Growth Modifier: 100%
[18:01:28] [Server thread/INFO]: Carrot Growth Modifier: 100%
[18:01:28] [Server thread/INFO]: Potato Growth Modifier: 100%
[18:01:28] [Server thread/INFO]: Wheat Growth Modifier: 100%
[18:01:28] [Server thread/INFO]: NetherWart Growth Modifier: 100%
[18:01:28] [Server thread/INFO]: Vine Growth Modifier: 100%
[18:01:28] [Server thread/INFO]: Cocoa Growth Modifier: 100%
[18:01:28] [Server thread/INFO]: Bamboo Growth Modifier: 100%
[18:01:28] [Server thread/INFO]: SweetBerry Growth Modifier: 100%
[18:01:28] [Server thread/INFO]: Kelp Growth Modifier: 100%
[18:01:28] [Server thread/INFO]: TwistingVines Growth Modifier: 100%
[18:01:28] [Server thread/INFO]: WeepingVines Growth Modifier: 100%
[18:01:28] [Server thread/INFO]: CaveVines Growth Modifier: 100%
[18:01:28] [Server thread/INFO]: Entity Activation Range: An 32 / Mo 32 / Ra 48 / Mi 16 / Tiv true / Isa false
[18:01:28] [Server thread/INFO]: Custom Map Seeds:  Village: 10387312 Desert: 14357617 Igloo: 14357618 Jungle: 14357619 Swamp: 14357620 Monument: 10387313 Ocean: 14357621 Shipwreck: 165745295 End City: 10387313 Slime: 987234911 Nether: 30084232 Mansion: 10387319 Fossil: 14357921 Portal: 34222645
[18:01:28] [Server thread/INFO]: Mob Spawn Range: 6
[18:01:28] [Server thread/INFO]: Entity Tracking Range: Pl 48 / An 48 / Mo 48 / Mi 32 / Di 128 / Other 64
[18:01:28] [Server thread/INFO]: Tile Max Tick Time: 50ms Entity max Tick Time: 50ms
[18:01:28] [Server thread/INFO]: Max TNT Explosions: 100
[18:01:28] [Server thread/INFO]: Allow Zombie Pigmen to spawn from portal blocks: true
[18:01:28] [Server thread/INFO]: Arrow Despawn Rate: 1200 Trident Respawn Rate:1200
[18:01:28] [Server thread/INFO]: Item Despawn Rate: 6000
[18:01:28] [Server thread/INFO]: View Distance: 10
[18:01:28] [Server thread/INFO]: Simulation Distance: 10
[18:01:28] [Server thread/INFO]: Nerfing mobs spawned from spawners: false
[18:01:28] [Server thread/INFO]: Zombie Aggressive Towards Villager: true
[18:01:28] [Server thread/INFO]: Experience Merge Radius: 3.0
[18:01:28] [Server thread/INFO]: Hopper Transfer: 8 Hopper Check: 1 Hopper Amount: 1 Hopper Can Load Chunks: false
[18:01:29] [Server thread/INFO]: -------- World Settings For [world_nether] --------
[18:01:29] [Server thread/INFO]: Item Merge Radius: 2.5
[18:01:29] [Server thread/INFO]: Cactus Growth Modifier: 100%
[18:01:29] [Server thread/INFO]: Cane Growth Modifier: 100%
[18:01:29] [Server thread/INFO]: Melon Growth Modifier: 100%
[18:01:29] [Server thread/INFO]: Mushroom Growth Modifier: 100%
[18:01:29] [Server thread/INFO]: Pumpkin Growth Modifier: 100%
[18:01:29] [Server thread/INFO]: Sapling Growth Modifier: 100%
[18:01:29] [Server thread/INFO]: Beetroot Growth Modifier: 100%
[18:01:29] [Server thread/INFO]: Carrot Growth Modifier: 100%
[18:01:29] [Server thread/INFO]: Potato Growth Modifier: 100%
[18:01:29] [Server thread/INFO]: Wheat Growth Modifier: 100%
[18:01:29] [Server thread/INFO]: NetherWart Growth Modifier: 100%
[18:01:29] [Server thread/INFO]: Vine Growth Modifier: 100%
[18:01:29] [Server thread/INFO]: Cocoa Growth Modifier: 100%
[18:01:29] [Server thread/INFO]: Bamboo Growth Modifier: 100%
[18:01:29] [Server thread/INFO]: SweetBerry Growth Modifier: 100%
[18:01:29] [Server thread/INFO]: Kelp Growth Modifier: 100%
[18:01:29] [Server thread/INFO]: TwistingVines Growth Modifier: 100%
[18:01:29] [Server thread/INFO]: WeepingVines Growth Modifier: 100%
[18:01:29] [Server thread/INFO]: CaveVines Growth Modifier: 100%
[18:01:29] [Server thread/INFO]: Entity Activation Range: An 32 / Mo 32 / Ra 48 / Mi 16 / Tiv true / Isa false
[18:01:29] [Server thread/INFO]: Custom Map Seeds:  Village: 10387312 Desert: 14357617 Igloo: 14357618 Jungle: 14357619 Swamp: 14357620 Monument: 10387313 Ocean: 14357621 Shipwreck: 165745295 End City: 10387313 Slime: 987234911 Nether: 30084232 Mansion: 10387319 Fossil: 14357921 Portal: 34222645
[18:01:29] [Server thread/INFO]: Mob Spawn Range: 6
[18:01:29] [Server thread/INFO]: Entity Tracking Range: Pl 48 / An 48 / Mo 48 / Mi 32 / Di 128 / Other 64
[18:01:29] [Server thread/INFO]: Tile Max Tick Time: 50ms Entity max Tick Time: 50ms
[18:01:29] [Server thread/INFO]: Max TNT Explosions: 100
[18:01:29] [Server thread/INFO]: Allow Zombie Pigmen to spawn from portal blocks: true
[18:01:29] [Server thread/INFO]: Arrow Despawn Rate: 1200 Trident Respawn Rate:1200
[18:01:29] [Server thread/INFO]: Item Despawn Rate: 6000
[18:01:29] [Server thread/INFO]: View Distance: 10
[18:01:29] [Server thread/INFO]: Simulation Distance: 10
[18:01:29] [Server thread/INFO]: Nerfing mobs spawned from spawners: false
[18:01:29] [Server thread/INFO]: Zombie Aggressive Towards Villager: true
[18:01:29] [Server thread/INFO]: Experience Merge Radius: 3.0
[18:01:29] [Server thread/INFO]: Hopper Transfer: 8 Hopper Check: 1 Hopper Amount: 1 Hopper Can Load Chunks: false
[18:01:29] [Server thread/INFO]: -------- World Settings For [world_the_end] --------
[18:01:29] [Server thread/INFO]: Item Merge Radius: 2.5
[18:01:29] [Server thread/INFO]: Cactus Growth Modifier: 100%
[18:01:29] [Server thread/INFO]: Cane Growth Modifier: 100%
[18:01:29] [Server thread/INFO]: Melon Growth Modifier: 100%
[18:01:29] [Server thread/INFO]: Mushroom Growth Modifier: 100%
[18:01:29] [Server thread/INFO]: Pumpkin Growth Modifier: 100%
[18:01:29] [Server thread/INFO]: Sapling Growth Modifier: 100%
[18:01:29] [Server thread/INFO]: Beetroot Growth Modifier: 100%
[18:01:29] [Server thread/INFO]: Carrot Growth Modifier: 100%
[18:01:29] [Server thread/INFO]: Potato Growth Modifier: 100%
[18:01:29] [Server thread/INFO]: Wheat Growth Modifier: 100%
[18:01:29] [Server thread/INFO]: NetherWart Growth Modifier: 100%
[18:01:29] [Server thread/INFO]: Vine Growth Modifier: 100%
[18:01:29] [Server thread/INFO]: Cocoa Growth Modifier: 100%
[18:01:29] [Server thread/INFO]: Bamboo Growth Modifier: 100%
[18:01:29] [Server thread/INFO]: SweetBerry Growth Modifier: 100%
[18:01:29] [Server thread/INFO]: Kelp Growth Modifier: 100%
[18:01:29] [Server thread/INFO]: TwistingVines Growth Modifier: 100%
[18:01:29] [Server thread/INFO]: WeepingVines Growth Modifier: 100%
[18:01:29] [Server thread/INFO]: CaveVines Growth Modifier: 100%
[18:01:29] [Server thread/INFO]: Entity Activation Range: An 32 / Mo 32 / Ra 48 / Mi 16 / Tiv true / Isa false
[18:01:29] [Server thread/INFO]: Custom Map Seeds:  Village: 10387312 Desert: 14357617 Igloo: 14357618 Jungle: 14357619 Swamp: 14357620 Monument: 10387313 Ocean: 14357621 Shipwreck: 165745295 End City: 10387313 Slime: 987234911 Nether: 30084232 Mansion: 10387319 Fossil: 14357921 Portal: 34222645
[18:01:29] [Server thread/INFO]: Mob Spawn Range: 6
[18:01:29] [Server thread/INFO]: Entity Tracking Range: Pl 48 / An 48 / Mo 48 / Mi 32 / Di 128 / Other 64
[18:01:29] [Server thread/INFO]: Tile Max Tick Time: 50ms Entity max Tick Time: 50ms
[18:01:29] [Server thread/INFO]: Max TNT Explosions: 100
[18:01:29] [Server thread/INFO]: Allow Zombie Pigmen to spawn from portal blocks: true
[18:01:29] [Server thread/INFO]: Arrow Despawn Rate: 1200 Trident Respawn Rate:1200
[18:01:29] [Server thread/INFO]: Item Despawn Rate: 6000
[18:01:29] [Server thread/INFO]: View Distance: 10
[18:01:29] [Server thread/INFO]: Simulation Distance: 10
[18:01:29] [Server thread/INFO]: Nerfing mobs spawned from spawners: false
[18:01:29] [Server thread/INFO]: Zombie Aggressive Towards Villager: true
[18:01:29] [Server thread/INFO]: Experience Merge Radius: 3.0
[18:01:29] [Server thread/INFO]: Hopper Transfer: 8 Hopper Check: 1 Hopper Amount: 1 Hopper Can Load Chunks: false
[18:01:30] [Server thread/INFO]: Preparing start region for dimension minecraft:overworld
[18:01:30] [Worker-Main-1/INFO]: Preparing spawn area: 0%
[18:01:30] [Server thread/INFO]: Time elapsed: 617 ms
[18:01:30] [Server thread/INFO]: Preparing start region for dimension minecraft:the_nether
[18:01:30] [Worker-Main-1/INFO]: Preparing spawn area: 2%
[18:01:31] [Worker-Main-5/INFO]: Preparing spawn area: 51%
[18:01:31] [Worker-Main-10/INFO]: Preparing spawn area: 51%
[18:01:32] [Worker-Main-5/INFO]: Preparing spawn area: 51%
[18:01:32] [Worker-Main-1/INFO]: Preparing spawn area: 51%
[18:01:33] [Worker-Main-1/INFO]: Preparing spawn area: 51%
[18:01:33] [Server thread/INFO]: Time elapsed: 2948 ms
[18:01:33] [Server thread/INFO]: Preparing start region for dimension minecraft:the_end
[18:01:33] [Worker-Main-6/INFO]: Preparing spawn area: 2%
[18:01:34] [Worker-Main-1/INFO]: Preparing spawn area: 51%
[18:01:34] [Server thread/INFO]: Time elapsed: 747 ms
[18:01:34] [Server thread/INFO]: Server permissions file permissions.yml is empty, ignoring it
[18:01:34] [Server thread/INFO]: Done (5.885s)! For help, type "help"
[18:02:26] [User Authenticator #1/INFO]: UUID of player Raghbir is cc486961-dc8d-303e-b92c-47da4922575e
[18:02:27] [Server thread/INFO]: Raghbir joined the game
[18:02:27] [Server thread/INFO]: Raghbir[/127.0.0.1:62143] logged in with entity id 10 at ([world]-85.69999998807907, 63.5625, 813.5738942770283)
[18:04:01] [Server thread/WARN]: Can't keep up! Is the server overloaded? Running 2841ms or 56 ticks behind
